<?xml version="1.0" encoding="UTF-8"?>
<testng-results skipped="0" failed="0" total="0" passed="0">
  <reporter-output>
  </reporter-output>
  <suite name="Default suite" duration-ms="584" started-at="2020-10-02T09:31:47Z" finished-at="2020-10-02T09:31:48Z">
    <groups>
      <group name="cucumber">
        <method signature="AbstractTestNGCucumberTests.runScenario(io.cucumber.testng.PickleWrapper, io.cucumber.testng.FeatureWrapper)[pri:0, instance:com.runner.TestRunner@2c8d66b2]" name="runScenario" class="io.cucumber.testng.AbstractTestNGCucumberTests"/>
      </group> <!-- cucumber -->
    </groups>
    <test name="Default test" duration-ms="584" started-at="2020-10-02T09:31:47Z" finished-at="2020-10-02T09:31:48Z">
      <class name="com.runner.TestRunner">
        <test-method status="PASS" signature="setUpClass()[pri:0, instance:com.runner.TestRunner@2c8d66b2]" name="setUpClass" is-config="true" duration-ms="517" started-at="2020-10-02T15:01:47Z" finished-at="2020-10-02T15:01:47Z">
          <reporter-output>
          </reporter-output>
        </test-method> <!-- setUpClass -->
        <test-method status="PASS" signature="tearDownClass()[pri:0, instance:com.runner.TestRunner@2c8d66b2]" name="tearDownClass" is-config="true" duration-ms="34" started-at="2020-10-02T15:01:48Z" finished-at="2020-10-02T15:01:48Z">
          <reporter-output>
          </reporter-output>
        </test-method> <!-- tearDownClass -->
      </class> <!-- com.runner.TestRunner -->
    </test> <!-- Default test -->
  </suite> <!-- Default suite -->
</testng-results>
